unityARGuide/build/intermediates/manifest_merge_blame_file/debug/manifest-merger-blame-debug-report.txt
1<?xml version="1.0" encoding="utf-8"?>
2<manifest xmlns:android="http://schemas.android.com/apk/res/android"
3    package="com.ssk.unityARGuide"
4    android:installLocation="preferExternal"
5    android:versionCode="1"
6    android:versionName="1.0" >
7
8    <uses-sdk
8-->src/main/AndroidManifest.xml:3:3-45
9        android:minSdkVersion="16"
9-->src/main/AndroidManifest.xml:3:3-45
10        android:targetSdkVersion="25" />
10-->src/main/AndroidManifest.xml:3:13-42
11    <!-- 连接网络权限,用于执行云端语音能力 -->
12    <uses-permission android:name="android.permission.INTERNET" />
12-->src/main/AndroidManifest.xml:5:3-65
12-->src/main/AndroidManifest.xml:5:20-62
13    <!-- 获取手机录音机使用权限,听写、识别、语义理解需要用到此权限 -->
14    <uses-permission android:name="android.permission.RECORD_AUDIO" />
14-->src/main/AndroidManifest.xml:7:3-69
14-->src/main/AndroidManifest.xml:7:20-66
15    <!-- 读取网络信息状态 -->
16    <uses-permission android:name="android.permission.ACCESS_NETWORK_STATE" />
16-->src/main/AndroidManifest.xml:9:3-77
16-->src/main/AndroidManifest.xml:9:20-74
17    <!-- 获取当前wifi状态 -->
18    <uses-permission android:name="android.permission.ACCESS_WIFI_STATE" />
18-->src/main/AndroidManifest.xml:11:3-74
18-->src/main/AndroidManifest.xml:11:20-71
19    <!-- 允许程序改变网络连接状态 -->
20    <uses-permission android:name="android.permission.CHANGE_NETWORK_STATE" />
20-->src/main/AndroidManifest.xml:13:3-77
20-->src/main/AndroidManifest.xml:13:20-74
21    <!-- 读取手机信息权限 -->
22    <uses-permission android:name="android.permission.READ_PHONE_STATE" />
22-->src/main/AndroidManifest.xml:15:3-73
22-->src/main/AndroidManifest.xml:15:20-70
23    <!-- 读取联系人权限,上传联系人需要用到此权限 -->
24  ￼
25    <uses-permission android:name="android.permission.READ_CONTACTS" />
25-->src/main/AndroidManifest.xml:18:3-70
25-->src/main/AndroidManifest.xml:18:20-67
26    <!-- 外存储写权限,构建语法需要用到此权限 -->
27    <uses-permission android:name="android.permission.WRITE_EXTERNAL_STORAGE" />
27-->src/main/AndroidManifest.xml:20:3-79
27-->src/main/AndroidManifest.xml:20:20-76
28    <!-- 外存储读权限,构建语法需要用到此权限 -->
29    <uses-permission android:name="android.permission.READ_EXTERNAL_STORAGE" />
29-->src/main/AndroidManifest.xml:22:3-78
29-->src/main/AndroidManifest.xml:22:20-75
30    <!-- 配置权限,用来记录应用配置信息 -->
31    <uses-permission android:name="android.permission.WRITE_SETTINGS" />
31-->src/main/AndroidManifest.xml:24:3-71
31-->src/main/AndroidManifest.xml:24:20-68
32    <!-- 摄相头权限,拍照需要用到 -->
33    <uses-permission android:name="android.permission.CAMERA" />
33-->src/main/AndroidManifest.xml:26:3-63
33-->src/main/AndroidManifest.xml:26:20-60
34
35    <uses-feature android:glEsVersion="0x00020000" />
35-->src/main/AndroidManifest.xml:40:3-52
35-->src/main/AndroidManifest.xml:40:17-49
36
37    <uses-permission android:name="android.permission.ACCESS_FINE_LOCATION" />
37-->src/main/AndroidManifest.xml:41:3-77
37-->src/main/AndroidManifest.xml:41:20-74
38
39    <uses-feature
39-->src/main/AndroidManifest.xml:42:3-89
40        android:name="android.hardware.location.gps"
40-->src/main/AndroidManifest.xml:42:17-61
41        android:required="false" />
41-->src/main/AndroidManifest.xml:42:62-86
42    <uses-feature
42-->src/main/AndroidManifest.xml:43:3-85
43        android:name="android.hardware.location"
43-->src/main/AndroidManifest.xml:43:17-57
44        android:required="false" />
44-->src/main/AndroidManifest.xml:43:58-82
45    <uses-feature
45-->src/main/AndroidManifest.xml:44:3-83
46        android:name="android.hardware.camera"
46-->src/main/AndroidManifest.xml:44:17-55
47        android:required="false" />
47-->src/main/AndroidManifest.xml:44:56-80
48    <uses-feature
48-->src/main/AndroidManifest.xml:45:3-93
49        android:name="android.hardware.camera.autofocus"
49-->src/main/AndroidManifest.xml:45:17-65
50        android:required="false" />
50-->src/main/AndroidManifest.xml:45:66-90
51    <uses-feature
51-->src/main/AndroidManifest.xml:46:3-89
52        android:name="android.hardware.camera.front"
52-->src/main/AndroidManifest.xml:46:17-61
53        android:required="false" />
53-->src/main/AndroidManifest.xml:46:62-86
54    <uses-feature
54-->src/main/AndroidManifest.xml:47:3-97
55        android:name="android.hardware.sensor.accelerometer"
55-->src/main/AndroidManifest.xml:47:17-69
56        android:required="false" />
56-->src/main/AndroidManifest.xml:47:70-94
57    <uses-feature
57-->src/main/AndroidManifest.xml:48:3-88
58        android:name="android.hardware.touchscreen"
58-->src/main/AndroidManifest.xml:48:17-60
59        android:required="false" />
59-->src/main/AndroidManifest.xml:48:61-85
60    <uses-feature
60-->src/main/AndroidManifest.xml:49:3-99
61        android:name="android.hardware.touchscreen.multitouch"
61-->src/main/AndroidManifest.xml:49:17-71
62        android:required="false" />
62-->src/main/AndroidManifest.xml:49:72-96
63    <uses-feature
63-->src/main/AndroidManifest.xml:50:3-108
64        android:name="android.hardware.touchscreen.multitouch.distinct"
64-->src/main/AndroidManifest.xml:50:17-80
65        android:required="false" />
65-->src/main/AndroidManifest.xml:50:81-105
66
67    <application
67-->src/main/AndroidManifest.xml:27:3-39:17
68        android:allowBackup="true"
68-->src/main/AndroidManifest.xml:27:16-42
69        android:banner="@drawable/app_banner"
69-->src/main/AndroidManifest.xml:27:125-162
70        android:isGame="true"
70-->src/main/AndroidManifest.xml:27:103-124
71        android:label="@string/app_name"
71-->src/main/AndroidManifest.xml:27:43-75
72        android:supportsRtl="true" >
72-->src/main/AndroidManifest.xml:27:76-102
73        <activity android:name="com.ssk.unityARGuide.UnityPlayerActivity" />
73-->src/main/AndroidManifest.xml:28:5-52
73-->src/main/AndroidManifest.xml:28:15-49
74        <activity android:name="com.ssk.unityARGuide.Speech" />
74-->src/main/AndroidManifest.xml:29:5-49
74-->src/main/AndroidManifest.xml:29:15-37
75        <activity
75-->src/main/AndroidManifest.xml:30:5-34:16
76            android:name="com.ssm.ssm.speechrecognizer.MainActivity"
76-->src/main/AndroidManifest.xml:30:15-71
77            android:label="@string/app_name" >
77-->src/main/AndroidManifest.xml:30:72-104
78            <meta-data
78-->src/main/AndroidManifest.xml:31:7-33:34
79                android:name="Unityplayer.ForwardNativeEventsToDalvik"
79-->src/main/AndroidManifest.xml:32:11-65
80                android:value="true" />
80-->src/main/AndroidManifest.xml:33:11-31
81        </activity>
82
83        <meta-data
83-->src/main/AndroidManifest.xml:35:5-101
84            android:name="unity.build-id"
84-->src/main/AndroidManifest.xml:35:16-45
85            android:value="adadfb67-5441-486a-a604-d6de473aed08" />
85-->src/main/AndroidManifest.xml:35:46-98
86        <meta-data
86-->src/main/AndroidManifest.xml:36:5-69
87            android:name="unity.splash-mode"
87-->src/main/AndroidManifest.xml:36:16-48
88            android:value="0" />
88-->src/main/AndroidManifest.xml:36:49-66
89        <meta-data
89-->src/main/AndroidManifest.xml:37:5-74
90            android:name="unity.splash-enable"
90-->src/main/AndroidManifest.xml:37:16-50
91            android:value="True" />
91-->src/main/AndroidManifest.xml:37:51-71
92        <meta-data
92-->src/main/AndroidManifest.xml:38:5-72
93            android:name="android.max_aspect"
93-->src/main/AndroidManifest.xml:38:16-49
94            android:value="2.1" />
94-->src/main/AndroidManifest.xml:38:50-69
95    </application>
96
97</manifest>